2025-09-11 11:52:59,985 - INFO - Creating vendor summary table ......
2025-09-11 11:53:12,728 - INFO -    VendorNumber                   VendorName  Brand              Description  PurchasePrice  ...  TotalSalesQuantity TotalSalesDollar  TotalSalesPrice  TotalExciseTax  FreightCost
0          1128  BROWN-FORMAN CORP             1233  Jack Daniels No 7 Black          26.27  ...            142049.0       5101919.51        672819.31       260999.20     68601.68
1          4425        MARTIGNETTI COMPANIES   3405    Tito's Handmade Vodka          23.19  ...            160247.0       4819073.49        561512.37       294438.66    144929.24
2         17035  PERNOD RICARD USA             8068         Absolut 80 Proof          18.24  ...            187140.0       4538120.60        461140.15       343854.07    123780.22
3          3960  DIAGEO NORTH AMERICA INC      4261   Capt Morgan Spiced Rum          16.17  ...            200412.0       4475972.88        420050.01       368242.80    257032.07
4          3960  DIAGEO NORTH AMERICA INC      3545          Ketel One Vodka          21.89  ...            135838.0       4223107.62        545778.28       249587.83    257032.07

[5 rows x 14 columns]
2025-09-11 11:53:12,736 - INFO - Cleaning data ......
2025-09-11 12:16:15,936 - INFO - Creating vendor summary table ......
2025-09-11 12:16:28,750 - INFO -    VendorNumber                   VendorName  Brand              Description  PurchasePrice  ...  TotalSalesQuantity TotalSalesDollar  TotalSalesPrice  TotalExciseTax  FreightCost
0          1128  BROWN-FORMAN CORP             1233  Jack Daniels No 7 Black          26.27  ...            142049.0       5101919.51        672819.31       260999.20     68601.68
1          4425        MARTIGNETTI COMPANIES   3405    Tito's Handmade Vodka          23.19  ...            160247.0       4819073.49        561512.37       294438.66    144929.24
2         17035  PERNOD RICARD USA             8068         Absolut 80 Proof          18.24  ...            187140.0       4538120.60        461140.15       343854.07    123780.22
3          3960  DIAGEO NORTH AMERICA INC      4261   Capt Morgan Spiced Rum          16.17  ...            200412.0       4475972.88        420050.01       368242.80    257032.07
4          3960  DIAGEO NORTH AMERICA INC      3545          Ketel One Vodka          21.89  ...            135838.0       4223107.62        545778.28       249587.83    257032.07

[5 rows x 14 columns]
2025-09-11 12:16:28,757 - INFO - Cleaning data ......
2025-09-11 12:16:28,762 - INFO -    VendorNumber                VendorName  Brand              Description  PurchasePrice  ActualPrice  ...  TotalExciseTax  FreightCost  GrossProfit  ProfitMargin  StockTurnover  SalesPurchaseRatio
0          1128         BROWN-FORMAN CORP   1233  Jack Daniels No 7 Black          26.27        36.99  ...       260999.20     68601.68   1290667.91     25.297693       0.979108            1.338647
1          4425     MARTIGNETTI COMPANIES   3405    Tito's Handmade Vodka          23.19        28.99  ...       294438.66    144929.24   1015032.27     21.062810       0.976890            1.266830
2         17035         PERNOD RICARD USA   8068         Absolut 80 Proof          18.24        24.99  ...       343854.07    123780.22   1119816.92     24.675786       0.998575            1.327594
3          3960  DIAGEO NORTH AMERICA INC   4261   Capt Morgan Spiced Rum          16.17        22.99  ...       368242.80    257032.07   1214774.94     27.139908       0.993703            1.372493
4          3960  DIAGEO NORTH AMERICA INC   3545          Ketel One Vodka          21.89        29.99  ...       249587.83    257032.07   1199901.61     28.412764       0.983556            1.396897

[5 rows x 18 columns]
2025-09-11 12:16:28,769 - INFO - Ingesting data ......
2025-09-11 12:16:28,796 - INFO - Completed
